[platetl@**************** v-yyermilov]$ time hadoop jar indexing-1.0-SNAPSHOT.jar com.expedia.edw.yermilov.eliasomega.EliasOmegaTool
14/12/03 13:47:11 INFO impl.TimelineClientImpl: Timeline service address: ****************
14/12/03 13:47:13 INFO client.RMProxy: Connecting to ResourceManager at ****************
14/12/03 13:47:20 INFO impl.TimelineClientImpl: Timeline service address: ****************
14/12/03 13:47:20 INFO client.RMProxy: Connecting to ResourceManager at ****************
14/12/03 13:47:24 WARN mapreduce.JobSubmitter: Hadoop command-line option parsing not performed. Implement the Tool interface and execute your application with ToolRunner to remedy this.
14/12/03 13:47:29 INFO mapred.FileInputFormat: Total input paths to process : 1
14/12/03 13:47:30 INFO mapreduce.JobSubmitter: number of splits:2
14/12/03 13:47:30 INFO Configuration.deprecation: mapred.task.timeout is deprecated. Instead, use mapreduce.task.timeout
14/12/03 13:47:30 INFO Configuration.deprecation: mapred.job.queue.name is deprecated. Instead, use mapreduce.job.queuename
14/12/03 13:47:34 INFO mapreduce.JobSubmitter: Submitting tokens for job: job_1417593595263_1772
14/12/03 13:47:38 INFO impl.YarnClientImpl: Submitted application application_1417593595263_1772
14/12/03 13:47:39 INFO mapreduce.Job: The url to track the job: ****************/application_1417593595263_1772/
14/12/03 13:47:39 INFO mapreduce.Job: Running job: job_1417593595263_1772
14/12/03 13:47:49 INFO mapreduce.Job: Job job_1417593595263_1772 running in uber mode : false
14/12/03 13:47:49 INFO mapreduce.Job:  map 0% reduce 0%
14/12/03 13:48:02 INFO mapreduce.Job:  map 8% reduce 0%
14/12/03 13:48:05 INFO mapreduce.Job:  map 13% reduce 0%
14/12/03 13:48:08 INFO mapreduce.Job:  map 18% reduce 0%
14/12/03 13:48:11 INFO mapreduce.Job:  map 23% reduce 0%
14/12/03 13:48:14 INFO mapreduce.Job:  map 29% reduce 0%
14/12/03 13:48:17 INFO mapreduce.Job:  map 34% reduce 0%
14/12/03 13:48:20 INFO mapreduce.Job:  map 39% reduce 0%
14/12/03 13:48:23 INFO mapreduce.Job:  map 44% reduce 0%
14/12/03 13:48:26 INFO mapreduce.Job:  map 49% reduce 0%
14/12/03 13:48:30 INFO mapreduce.Job:  map 54% reduce 0%
14/12/03 13:48:33 INFO mapreduce.Job:  map 59% reduce 0%
14/12/03 13:48:36 INFO mapreduce.Job:  map 64% reduce 0%
14/12/03 13:48:39 INFO mapreduce.Job:  map 70% reduce 0%
14/12/03 13:48:42 INFO mapreduce.Job:  map 75% reduce 0%
14/12/03 13:48:45 INFO mapreduce.Job:  map 78% reduce 0%
14/12/03 13:48:46 INFO mapreduce.Job:  map 81% reduce 0%
14/12/03 13:48:49 INFO mapreduce.Job:  map 87% reduce 0%
14/12/03 13:48:52 INFO mapreduce.Job:  map 92% reduce 0%
14/12/03 13:48:55 INFO mapreduce.Job:  map 97% reduce 0%
14/12/03 13:48:58 INFO mapreduce.Job:  map 100% reduce 0%
14/12/03 13:48:59 INFO mapreduce.Job: Job job_1417593595263_1772 completed successfully
14/12/03 13:49:04 INFO mapreduce.Job: Counters: 30
        File System Counters
                FILE: Number of bytes read=0
                FILE: Number of bytes written=206066
                FILE: Number of read operations=0
                FILE: Number of large read operations=0
                FILE: Number of write operations=0
                HDFS: Number of bytes read=130254541
                HDFS: Number of bytes written=302111534
                HDFS: Number of read operations=10
                HDFS: Number of large read operations=0
                HDFS: Number of write operations=4
        Job Counters
                Launched map tasks=2
                Rack-local map tasks=2
                Total time spent by all maps in occupied slots (ms)=394665
                Total time spent by all reduces in occupied slots (ms)=0
                Total time spent by all map tasks (ms)=131555
                Total vcore-seconds taken by all map tasks=131555
                Total megabyte-seconds taken by all map tasks=538849280
        Map-Reduce Framework
                Map input records=1018984
                Map output records=1018984
                Input split bytes=226
                Spilled Records=0
                Failed Shuffles=0
                Merged Map outputs=0
                GC time elapsed (ms)=1327
                CPU time spent (ms)=136720
                Physical memory (bytes) snapshot=987000832
                Virtual memory (bytes) snapshot=8529002496
                Total committed heap usage (bytes)=1098907648
        File Input Format Counters
                Bytes Read=130254315
        File Output Format Counters
                Bytes Written=302111534

real    2m57.813s
user    0m14.007s
sys     0m1.537s