[platetl@**************** v-yyermilov]$ time hadoop jar indexing-1.0-SNAPSHOT.jar com.expedia.edw.yermilov.indexing.IndexerTool
14/12/01 09:06:49 INFO impl.TimelineClientImpl: Timeline service address: ****************
14/12/01 09:06:52 INFO client.RMProxy: Connecting to ResourceManager at ****************
14/12/01 09:07:00 INFO impl.TimelineClientImpl: Timeline service address: ****************
14/12/01 09:07:00 INFO client.RMProxy: Connecting to ResourceManager at ****************
14/12/01 09:07:04 WARN mapreduce.JobSubmitter: Hadoop command-line option parsing not performed. Implement the Tool interface and execute your application with ToolRunner to remedy this.
14/12/01 09:07:11 INFO mapred.FileInputFormat: Total input paths to process : 1
14/12/01 09:07:12 INFO mapreduce.JobSubmitter: number of splits:5
14/12/01 09:07:12 INFO Configuration.deprecation: mapred.task.timeout is deprecated. Instead, use mapreduce.task.timeout
14/12/01 09:07:12 INFO Configuration.deprecation: mapred.job.queue.name is deprecated. Instead, use mapreduce.job.queuename
14/12/01 09:07:16 INFO mapreduce.JobSubmitter: Submitting tokens for job: job_1416948650723_14389
14/12/01 09:07:21 INFO impl.YarnClientImpl: Submitted application application_1416948650723_14389
14/12/01 09:07:22 INFO mapreduce.Job: The url to track the job: ****************/application_1416948650723_14389/
14/12/01 09:07:22 INFO mapreduce.Job: Running job: job_1416948650723_14389
14/12/01 09:07:29 INFO mapreduce.Job: Job job_1416948650723_14389 running in uber mode : false
14/12/01 09:07:29 INFO mapreduce.Job:  map 0% reduce 0%
14/12/01 09:07:43 INFO mapreduce.Job:  map 16% reduce 0%
14/12/01 09:07:46 INFO mapreduce.Job:  map 29% reduce 0%
14/12/01 09:07:49 INFO mapreduce.Job:  map 44% reduce 0%
14/12/01 09:07:52 INFO mapreduce.Job:  map 51% reduce 0%
14/12/01 09:07:53 INFO mapreduce.Job:  map 56% reduce 0%
14/12/01 09:07:55 INFO mapreduce.Job:  map 61% reduce 0%
14/12/01 09:07:56 INFO mapreduce.Job:  map 66% reduce 0%
14/12/01 09:07:59 INFO mapreduce.Job:  map 67% reduce 0%
14/12/01 09:08:03 INFO mapreduce.Job:  map 80% reduce 0%
14/12/01 09:08:05 INFO mapreduce.Job:  map 87% reduce 0%
14/12/01 09:08:06 INFO mapreduce.Job:  map 93% reduce 0%
14/12/01 09:08:08 INFO mapreduce.Job:  map 100% reduce 0%
14/12/01 09:08:16 INFO mapreduce.Job:  map 100% reduce 20%
14/12/01 09:08:19 INFO mapreduce.Job:  map 100% reduce 40%
14/12/01 09:08:22 INFO mapreduce.Job:  map 100% reduce 50%
14/12/01 09:08:25 INFO mapreduce.Job:  map 100% reduce 61%
14/12/01 09:08:28 INFO mapreduce.Job:  map 100% reduce 68%
14/12/01 09:08:31 INFO mapreduce.Job:  map 100% reduce 72%
14/12/01 09:08:34 INFO mapreduce.Job:  map 100% reduce 77%
14/12/01 09:08:37 INFO mapreduce.Job:  map 100% reduce 81%
14/12/01 09:08:40 INFO mapreduce.Job:  map 100% reduce 84%
14/12/01 09:08:43 INFO mapreduce.Job:  map 100% reduce 89%
14/12/01 09:08:46 INFO mapreduce.Job:  map 100% reduce 93%
14/12/01 09:08:49 INFO mapreduce.Job:  map 100% reduce 98%
14/12/01 09:08:50 INFO mapreduce.Job:  map 100% reduce 100%
14/12/01 09:08:51 INFO mapreduce.Job: Job job_1416948650723_14389 completed successfully
14/12/01 09:08:56 INFO mapreduce.Job: Counters: 50
        File System Counters
                FILE: Number of bytes read=614187827
                FILE: Number of bytes written=1228999581
                FILE: Number of read operations=0
                FILE: Number of large read operations=0
                FILE: Number of write operations=0
                HDFS: Number of bytes read=644176366
                HDFS: Number of bytes written=412866926
                HDFS: Number of read operations=18
                HDFS: Number of large read operations=0
                HDFS: Number of write operations=2
        Job Counters
                Launched map tasks=5
                Launched reduce tasks=1
                Data-local map tasks=3
                Rack-local map tasks=2
                Total time spent by all maps in occupied slots (ms)=502695
                Total time spent by all reduces in occupied slots (ms)=134220
                Total time spent by all map tasks (ms)=167565
                Total time spent by all reduce tasks (ms)=44740
                Total vcore-seconds taken by all map tasks=167565
                Total vcore-seconds taken by all reduce tasks=44740
                Total megabyte-seconds taken by all map tasks=686346240
                Total megabyte-seconds taken by all reduce tasks=183255040
        Map-Reduce Framework
                Map input records=459549
                Map output records=15433372
                Map output bytes=583320774
                Map output materialized bytes=614187851
                Input split bytes=645
                Combine input records=0
                Combine output records=0
                Reduce input groups=834979
                Reduce shuffle bytes=614187851
                Reduce input records=15433372
                Reduce output records=834979
                Spilled Records=30866744
                Shuffled Maps =5
                Failed Shuffles=0
                Merged Map outputs=5
                GC time elapsed (ms)=6607
                CPU time spent (ms)=227880
                Physical memory (bytes) snapshot=8599785472
                Virtual memory (bytes) snapshot=26484236288
                Total committed heap usage (bytes)=9101115392
        Shuffle Errors
                BAD_ID=0
                CONNECTION=0
                IO_ERROR=0
                WRONG_LENGTH=0
                WRONG_MAP=0
                WRONG_REDUCE=0
        File Input Format Counters
                Bytes Read=644175721
        File Output Format Counters
                Bytes Written=412866926

real    3m29.242s
user    0m14.260s
sys     0m1.605s
