[platetl@**************** v-yyermilov]$ time hadoop jar indexing-1.0-SNAPSHOT.jar com.expedia.edw.yermilov.eliasomega.EliasOmegaTool
14/12/03 03:48:09 INFO Configuration.deprecation: mapred.compress.map.output is deprecated. Instead, use mapreduce.map.output.compress
14/12/03 03:48:09 INFO Configuration.deprecation: mapred.map.output.compression.codec is deprecated. Instead, use mapreduce.map.output.compress.codec
14/12/03 03:48:36 INFO impl.TimelineClientImpl: Timeline service address: ****************
14/12/03 03:48:40 INFO client.RMProxy: Connecting to ResourceManager at ****************
14/12/03 03:48:53 INFO impl.TimelineClientImpl: Timeline service address: ****************
14/12/03 03:48:53 INFO client.RMProxy: Connecting to ResourceManager at ****************
14/12/03 03:49:00 WARN mapreduce.JobSubmitter: Hadoop command-line option parsing not performed. Implement the Tool interface and execute your application with ToolRunner to remedy this.
14/12/03 03:49:14 INFO mapred.FileInputFormat: Total input paths to process : 1
14/12/03 03:49:19 INFO mapreduce.JobSubmitter: number of splits:2
14/12/03 03:49:20 INFO Configuration.deprecation: mapred.task.timeout is deprecated. Instead, use mapreduce.task.timeout
14/12/03 03:49:20 INFO Configuration.deprecation: mapred.job.queue.name is deprecated. Instead, use mapreduce.job.queuename
14/12/03 03:49:29 INFO mapreduce.JobSubmitter: Submitting tokens for job: job_1417593595263_0489
14/12/03 03:49:36 INFO impl.YarnClientImpl: Submitted application application_1417593595263_0489
14/12/03 03:49:37 INFO mapreduce.Job: The url to track the job: ****************/application_1417593595263_0489/
14/12/03 03:49:37 INFO mapreduce.Job: Running job: job_1417593595263_0489
14/12/03 03:49:50 INFO mapreduce.Job: Job job_1417593595263_0489 running in uber mode : false
14/12/03 03:49:50 INFO mapreduce.Job:  map 0% reduce 0%
14/12/03 03:50:04 INFO mapreduce.Job:  map 6% reduce 0%
14/12/03 03:50:07 INFO mapreduce.Job:  map 9% reduce 0%
14/12/03 03:50:10 INFO mapreduce.Job:  map 13% reduce 0%
14/12/03 03:50:13 INFO mapreduce.Job:  map 16% reduce 0%
14/12/03 03:50:16 INFO mapreduce.Job:  map 20% reduce 0%
14/12/03 03:50:20 INFO mapreduce.Job:  map 24% reduce 0%
14/12/03 03:50:23 INFO mapreduce.Job:  map 27% reduce 0%
14/12/03 03:50:26 INFO mapreduce.Job:  map 32% reduce 0%
14/12/03 03:50:29 INFO mapreduce.Job:  map 36% reduce 0%
14/12/03 03:50:32 INFO mapreduce.Job:  map 40% reduce 0%
14/12/03 03:50:35 INFO mapreduce.Job:  map 42% reduce 0%
14/12/03 03:50:36 INFO mapreduce.Job:  map 43% reduce 0%
14/12/03 03:50:38 INFO mapreduce.Job:  map 45% reduce 0%
14/12/03 03:50:39 INFO mapreduce.Job:  map 47% reduce 0%
14/12/03 03:50:41 INFO mapreduce.Job:  map 49% reduce 0%
14/12/03 03:50:42 INFO mapreduce.Job:  map 51% reduce 0%
14/12/03 03:50:44 INFO mapreduce.Job:  map 53% reduce 0%
14/12/03 03:50:45 INFO mapreduce.Job:  map 55% reduce 0%
14/12/03 03:50:47 INFO mapreduce.Job:  map 57% reduce 0%
14/12/03 03:50:48 INFO mapreduce.Job:  map 59% reduce 0%
14/12/03 03:50:50 INFO mapreduce.Job:  map 60% reduce 0%
14/12/03 03:50:51 INFO mapreduce.Job:  map 62% reduce 0%
14/12/03 03:50:53 INFO mapreduce.Job:  map 64% reduce 0%
14/12/03 03:50:54 INFO mapreduce.Job:  map 66% reduce 0%
14/12/03 03:50:56 INFO mapreduce.Job:  map 68% reduce 0%
14/12/03 03:50:57 INFO mapreduce.Job:  map 69% reduce 0%
14/12/03 03:51:00 INFO mapreduce.Job:  map 73% reduce 0%
14/12/03 03:51:03 INFO mapreduce.Job:  map 77% reduce 0%
14/12/03 03:51:06 INFO mapreduce.Job:  map 81% reduce 0%
14/12/03 03:51:09 INFO mapreduce.Job:  map 84% reduce 0%
14/12/03 03:51:12 INFO mapreduce.Job:  map 88% reduce 0%
14/12/03 03:51:15 INFO mapreduce.Job:  map 92% reduce 0%
14/12/03 03:51:18 INFO mapreduce.Job:  map 96% reduce 0%
14/12/03 03:51:22 INFO mapreduce.Job:  map 100% reduce 0%
14/12/03 03:51:23 INFO mapreduce.Job: Job job_1417593595263_0489 completed successfully
14/12/03 03:51:28 INFO mapreduce.Job: Counters: 30
        File System Counters
                FILE: Number of bytes read=0
                FILE: Number of bytes written=205926
                FILE: Number of read operations=0
                FILE: Number of large read operations=0
                FILE: Number of write operations=0
                HDFS: Number of bytes read=130254541
                HDFS: Number of bytes written=138372503
                HDFS: Number of read operations=10
                HDFS: Number of large read operations=0
                HDFS: Number of write operations=4
        Job Counters
                Launched map tasks=2
                Data-local map tasks=2
                Total time spent by all maps in occupied slots (ms)=534402
                Total time spent by all reduces in occupied slots (ms)=0
                Total time spent by all map tasks (ms)=178134
                Total vcore-seconds taken by all map tasks=178134
                Total megabyte-seconds taken by all map tasks=729636864
        Map-Reduce Framework
                Map input records=1018984
                Map output records=1018984
                Input split bytes=226
                Spilled Records=0
                Failed Shuffles=0
                Merged Map outputs=0
                GC time elapsed (ms)=1633
                CPU time spent (ms)=180820
                Physical memory (bytes) snapshot=967303168
                Virtual memory (bytes) snapshot=8529223680
                Total committed heap usage (bytes)=1044905984
        File Input Format Counters
                Bytes Read=130254315
        File Output Format Counters
                Bytes Written=138372503

real    4m58.376s
user    0m14.363s
sys     0m1.566s