[platetl@**************** v-yyermilov]$ time hadoop jar indexing-1.0-SNAPSHOT.jar com.expedia.edw.yermilov.indexing.IndexerTool
14/12/01 09:14:38 INFO Configuration.deprecation: mapred.compress.map.output is deprecated. Instead, use mapreduce.map.output.compress
14/12/01 09:14:38 INFO Configuration.deprecation: mapred.map.output.compression.codec is deprecated. Instead, use mapreduce.map.output.compress.codec
14/12/01 09:14:51 INFO impl.TimelineClientImpl: Timeline service address: ****************
14/12/01 09:14:54 INFO client.RMProxy: Connecting to ResourceManager at ****************
14/12/01 09:15:01 INFO impl.TimelineClientImpl: Timeline service address: ****************
14/12/01 09:15:02 INFO client.RMProxy: Connecting to ResourceManager at ****************
14/12/01 09:15:06 WARN mapreduce.JobSubmitter: Hadoop command-line option parsing not performed. Implement the Tool interface and execute your application with ToolRunner to remedy this.
14/12/01 09:15:11 INFO mapred.FileInputFormat: Total input paths to process : 1
14/12/01 09:15:11 INFO mapreduce.JobSubmitter: number of splits:5
14/12/01 09:15:11 INFO Configuration.deprecation: mapred.task.timeout is deprecated. Instead, use mapreduce.task.timeout
14/12/01 09:15:11 INFO Configuration.deprecation: mapred.job.queue.name is deprecated. Instead, use mapreduce.job.queuename
14/12/01 09:15:15 INFO mapreduce.JobSubmitter: Submitting tokens for job: job_1416948650723_14404
14/12/01 09:15:20 INFO impl.YarnClientImpl: Submitted application application_1416948650723_14404
14/12/01 09:15:20 INFO mapreduce.Job: The url to track the job: ****************/application_1416948650723_14404/
14/12/01 09:15:21 INFO mapreduce.Job: Running job: job_1416948650723_14404
14/12/01 09:15:26 INFO mapreduce.Job: Job job_1416948650723_14404 running in uber mode : false
14/12/01 09:15:26 INFO mapreduce.Job:  map 0% reduce 0%
14/12/01 09:15:37 INFO mapreduce.Job:  map 3% reduce 0%
14/12/01 09:15:39 INFO mapreduce.Job:  map 6% reduce 0%
14/12/01 09:15:40 INFO mapreduce.Job:  map 11% reduce 0%
14/12/01 09:15:43 INFO mapreduce.Job:  map 18% reduce 0%
14/12/01 09:15:44 INFO mapreduce.Job:  map 19% reduce 0%
14/12/01 09:15:45 INFO mapreduce.Job:  map 21% reduce 0%
14/12/01 09:15:46 INFO mapreduce.Job:  map 27% reduce 0%
14/12/01 09:15:47 INFO mapreduce.Job:  map 31% reduce 0%
14/12/01 09:15:48 INFO mapreduce.Job:  map 34% reduce 0%
14/12/01 09:15:49 INFO mapreduce.Job:  map 38% reduce 0%
14/12/01 09:15:50 INFO mapreduce.Job:  map 41% reduce 0%
14/12/01 09:15:51 INFO mapreduce.Job:  map 46% reduce 0%
14/12/01 09:15:53 INFO mapreduce.Job:  map 51% reduce 0%
14/12/01 09:15:54 INFO mapreduce.Job:  map 52% reduce 0%
14/12/01 09:15:55 INFO mapreduce.Job:  map 56% reduce 0%
14/12/01 09:15:56 INFO mapreduce.Job:  map 58% reduce 0%
14/12/01 09:15:58 INFO mapreduce.Job:  map 62% reduce 0%
14/12/01 09:15:59 INFO mapreduce.Job:  map 68% reduce 0%
14/12/01 09:16:00 INFO mapreduce.Job:  map 71% reduce 0%
14/12/01 09:16:01 INFO mapreduce.Job:  map 72% reduce 0%
14/12/01 09:16:04 INFO mapreduce.Job:  map 80% reduce 0%
14/12/01 09:16:06 INFO mapreduce.Job:  map 87% reduce 0%
14/12/01 09:16:10 INFO mapreduce.Job:  map 87% reduce 20%
14/12/01 09:16:11 INFO mapreduce.Job:  map 93% reduce 20%
14/12/01 09:16:13 INFO mapreduce.Job:  map 93% reduce 27%
14/12/01 09:16:14 INFO mapreduce.Job:  map 100% reduce 27%
14/12/01 09:16:16 INFO mapreduce.Job:  map 100% reduce 38%
14/12/01 09:16:20 INFO mapreduce.Job:  map 100% reduce 48%
14/12/01 09:16:23 INFO mapreduce.Job:  map 100% reduce 59%
14/12/01 09:16:26 INFO mapreduce.Job:  map 100% reduce 67%
14/12/01 09:16:29 INFO mapreduce.Job:  map 100% reduce 68%
14/12/01 09:16:35 INFO mapreduce.Job:  map 100% reduce 69%
14/12/01 09:16:38 INFO mapreduce.Job:  map 100% reduce 70%
14/12/01 09:16:41 INFO mapreduce.Job:  map 100% reduce 71%
14/12/01 09:16:44 INFO mapreduce.Job:  map 100% reduce 72%
14/12/01 09:16:47 INFO mapreduce.Job:  map 100% reduce 73%
14/12/01 09:16:54 INFO mapreduce.Job:  map 100% reduce 74%
14/12/01 09:16:57 INFO mapreduce.Job:  map 100% reduce 75%
14/12/01 09:17:00 INFO mapreduce.Job:  map 100% reduce 76%
14/12/01 09:17:03 INFO mapreduce.Job:  map 100% reduce 77%
14/12/01 09:17:06 INFO mapreduce.Job:  map 100% reduce 78%
14/12/01 09:17:09 INFO mapreduce.Job:  map 100% reduce 79%
14/12/01 09:17:14 INFO mapreduce.Job:  map 100% reduce 100%
14/12/01 09:17:15 INFO mapreduce.Job: Job job_1416948650723_14404 completed successfully
14/12/01 09:17:18 INFO mapreduce.Job: Counters: 50
        File System Counters
                FILE: Number of bytes read=247256073
                FILE: Number of bytes written=503708025
                FILE: Number of read operations=0
                FILE: Number of large read operations=0
                FILE: Number of write operations=0
                HDFS: Number of bytes read=644176366
                HDFS: Number of bytes written=130223061
                HDFS: Number of read operations=18
                HDFS: Number of large read operations=0
                HDFS: Number of write operations=2
        Job Counters
                Launched map tasks=5
                Launched reduce tasks=1
                Data-local map tasks=4
                Rack-local map tasks=1
                Total time spent by all maps in occupied slots (ms)=578184
                Total time spent by all reduces in occupied slots (ms)=217995
                Total time spent by all map tasks (ms)=192728
                Total time spent by all reduce tasks (ms)=72665
                Total vcore-seconds taken by all map tasks=192728
                Total vcore-seconds taken by all reduce tasks=72665
                Total megabyte-seconds taken by all map tasks=789413888
                Total megabyte-seconds taken by all reduce tasks=297635840
        Map-Reduce Framework
                Map input records=459549
                Map output records=15433372
                Map output bytes=583320774
                Map output materialized bytes=255828421
                Input split bytes=645
                Combine input records=0
                Combine output records=0
                Reduce input groups=834979
                Reduce shuffle bytes=255828421
                Reduce input records=15433372
                Reduce output records=834979
                Spilled Records=30866744
                Shuffled Maps =5
                Failed Shuffles=0
                Merged Map outputs=5
                GC time elapsed (ms)=4703
                CPU time spent (ms)=235720
                Physical memory (bytes) snapshot=8564477952
                Virtual memory (bytes) snapshot=26452119552
                Total committed heap usage (bytes)=9530507264
        Shuffle Errors
                BAD_ID=0
                CONNECTION=0
                IO_ERROR=0
                WRONG_LENGTH=0
                WRONG_MAP=0
                WRONG_REDUCE=0
        File Input Format Counters
                Bytes Read=644175721
        File Output Format Counters
                Bytes Written=130223061

real    3m39.921s
user    0m14.974s
sys     0m1.534s
